Android/deviceadmin2/app/build/intermediates/manifest_merge_blame_file/debug/manifest-merger-blame-debug-report.txt
1<?xml version="1.0" encoding="utf-8"?>
2<manifest xmlns:android="http://schemas.android.com/apk/res/android"
3    package="com.example.deviceadmin"
4    android:versionCode="1"
5    android:versionName="1.0" >
6
7    <uses-sdk
8        android:minSdkVersion="26"
9        android:targetSdkVersion="33" />
10
11    <uses-permission android:name="android.permission.RECEIVE_BOOT_COMPLETED" />
11-->src/main/AndroidManifest.xml:4:5-81
11-->src/main/AndroidManifest.xml:4:22-78
12    <uses-permission android:name="android.permission.INTERNET" />
12-->src/main/AndroidManifest.xml:5:5-67
12-->src/main/AndroidManifest.xml:5:22-64
13    <uses-permission android:name="android.permission.SYSTEM_ALERT_WINDOW" />
13-->src/main/AndroidManifest.xml:6:5-78
13-->src/main/AndroidManifest.xml:6:22-75
14    <uses-permission android:name="android.permission.REQUEST_INSTALL_PACKAGES" />
14-->src/main/AndroidManifest.xml:7:5-83
14-->src/main/AndroidManifest.xml:7:22-80
15    <uses-permission android:name="android.permission.REQUEST_DELETE_PACKAGES" />
15-->src/main/AndroidManifest.xml:8:5-82
15-->src/main/AndroidManifest.xml:8:22-79
16    <uses-permission android:name="android.permission.QUERY_ALL_PACKAGES" />
16-->src/main/AndroidManifest.xml:9:5-10:53
16-->src/main/AndroidManifest.xml:9:22-74
17    <uses-permission android:name="android.permission.CALL_PHONE" />
17-->src/main/AndroidManifest.xml:11:5-69
17-->src/main/AndroidManifest.xml:11:22-66
18    <uses-permission android:name="android.permission.BIND_ACCESSIBILITY_SERVICE" />
18-->src/main/AndroidManifest.xml:12:5-13:47
18-->src/main/AndroidManifest.xml:12:22-82
19    <uses-permission android:name="android.permission.WAKE_LOCK" />
19-->[androidx.work:work-runtime:2.8.1] AndroidManifest.xml:23:5-68
19-->[androidx.work:work-runtime:2.8.1] AndroidManifest.xml:23:22-65
20    <uses-permission android:name="android.permission.ACCESS_NETWORK_STATE" />
20-->[androidx.work:work-runtime:2.8.1] AndroidManifest.xml:24:5-79
20-->[androidx.work:work-runtime:2.8.1] AndroidManifest.xml:24:22-76
21    <uses-permission android:name="android.permission.FOREGROUND_SERVICE" />
21-->[androidx.work:work-runtime:2.8.1] AndroidManifest.xml:26:5-77
21-->[androidx.work:work-runtime:2.8.1] AndroidManifest.xml:26:22-74
22
23    <permission
23-->[androidx.core:core:1.9.0] AndroidManifest.xml:22:5-24:47
24        android:name="com.example.deviceadmin.DYNAMIC_RECEIVER_NOT_EXPORTED_PERMISSION"
24-->[androidx.core:core:1.9.0] AndroidManifest.xml:23:9-81
25        android:protectionLevel="signature" />
25-->[androidx.core:core:1.9.0] AndroidManifest.xml:24:9-44
26
27    <uses-permission android:name="com.example.deviceadmin.DYNAMIC_RECEIVER_NOT_EXPORTED_PERMISSION" />
27-->[androidx.core:core:1.9.0] AndroidManifest.xml:26:5-97
27-->[androidx.core:core:1.9.0] AndroidManifest.xml:26:22-94
28
29    <application
29-->src/main/AndroidManifest.xml:15:5-90:19
30        android:allowBackup="true"
30-->src/main/AndroidManifest.xml:16:9-35
31        android:appComponentFactory="androidx.core.app.CoreComponentFactory"
31-->[androidx.core:core:1.9.0] AndroidManifest.xml:28:18-86
32        android:debuggable="true"
33        android:extractNativeLibs="false"
34        android:icon="@mipmap/ic_launcher"
34-->src/main/AndroidManifest.xml:17:9-43
35        android:label="@string/app_name"
35-->src/main/AndroidManifest.xml:18:9-41
36        android:roundIcon="@mipmap/ic_launcher"
36-->src/main/AndroidManifest.xml:19:9-48
37        android:supportsRtl="true"
37-->src/main/AndroidManifest.xml:20:9-35
38        android:theme="@style/Theme.EnterpriseDeviceController" >
38-->src/main/AndroidManifest.xml:21:9-64
39        <activity
39-->src/main/AndroidManifest.xml:23:9-30:20
40            android:name="com.example.deviceadmin.MainActivity"
40-->src/main/AndroidManifest.xml:24:13-41
41            android:exported="true" >
41-->src/main/AndroidManifest.xml:25:13-36
42            <intent-filter>
42-->src/main/AndroidManifest.xml:26:13-29:29
43                <action android:name="android.intent.action.MAIN" />
43-->src/main/AndroidManifest.xml:27:17-69
43-->src/main/AndroidManifest.xml:27:25-66
44
45                <category android:name="android.intent.category.LAUNCHER" />
45-->src/main/AndroidManifest.xml:28:17-77
45-->src/main/AndroidManifest.xml:28:27-74
46            </intent-filter>
47        </activity>
48
49        <activity-alias
49-->src/main/AndroidManifest.xml:32:9-43:26
50            android:name="com.example.deviceadmin.MainActivityAlias"
50-->src/main/AndroidManifest.xml:33:13-46
51            android:enabled="false"
51-->src/main/AndroidManifest.xml:34:13-36
52            android:exported="true"
52-->src/main/AndroidManifest.xml:35:13-36
53            android:icon="@android:drawable/ic_menu_save"
53-->src/main/AndroidManifest.xml:36:13-58
54            android:label="My Downloads"
54-->src/main/AndroidManifest.xml:37:13-41
55            android:targetActivity="com.example.deviceadmin.MainActivity" >
55-->src/main/AndroidManifest.xml:38:13-51
56            <intent-filter>
56-->src/main/AndroidManifest.xml:26:13-29:29
57                <action android:name="android.intent.action.MAIN" />
57-->src/main/AndroidManifest.xml:27:17-69
57-->src/main/AndroidManifest.xml:27:25-66
58
59                <category android:name="android.intent.category.LAUNCHER" />
59-->src/main/AndroidManifest.xml:28:17-77
59-->src/main/AndroidManifest.xml:28:27-74
60            </intent-filter>
61        </activity-alias>
62
63        <activity
63-->src/main/AndroidManifest.xml:45:9-52:77
64            android:name="com.example.deviceadmin.LockActivity"
64-->src/main/AndroidManifest.xml:46:13-41
65            android:excludeFromRecents="true"
65-->src/main/AndroidManifest.xml:47:13-46
66            android:launchMode="singleInstance"
66-->src/main/AndroidManifest.xml:48:13-48
67            android:showOnLockScreen="true"
67-->src/main/AndroidManifest.xml:49:13-44
68            android:showWhenLocked="true"
68-->src/main/AndroidManifest.xml:50:13-42
69            android:theme="@style/Theme.AppCompat.NoActionBar.FullScreen"
69-->src/main/AndroidManifest.xml:52:13-74
70            android:turnScreenOn="true" />
70-->src/main/AndroidManifest.xml:51:13-40
71
72        <receiver
72-->src/main/AndroidManifest.xml:54:9-67:20
73            android:name="com.example.deviceadmin.MyDeviceAdminReceiver"
73-->src/main/AndroidManifest.xml:55:13-50
74            android:description="@string/admin_description"
74-->src/main/AndroidManifest.xml:56:13-60
75            android:exported="true"
75-->src/main/AndroidManifest.xml:59:13-36
76            android:label="@string/admin_label"
76-->src/main/AndroidManifest.xml:57:13-48
77            android:permission="android.permission.BIND_DEVICE_ADMIN" >
77-->src/main/AndroidManifest.xml:58:13-70
78            <meta-data
78-->src/main/AndroidManifest.xml:60:13-62:62
79                android:name="android.app.device_admin"
79-->src/main/AndroidManifest.xml:61:17-56
80                android:resource="@xml/device_admin_rules" />
80-->src/main/AndroidManifest.xml:62:17-59
81
82            <intent-filter>
82-->src/main/AndroidManifest.xml:63:13-66:29
83                <action android:name="android.app.action.DEVICE_ADMIN_ENABLED" />
83-->src/main/AndroidManifest.xml:64:17-82
83-->src/main/AndroidManifest.xml:64:25-79
84                <action android:name="android.app.action.DEVICE_ADMIN_DISABLED" />
84-->src/main/AndroidManifest.xml:65:17-83
84-->src/main/AndroidManifest.xml:65:25-80
85            </intent-filter>
86        </receiver>
87        <receiver
87-->src/main/AndroidManifest.xml:69:9-75:20
88            android:name="com.example.deviceadmin.BootReceiver"
88-->src/main/AndroidManifest.xml:70:13-41
89            android:exported="true" >
89-->src/main/AndroidManifest.xml:71:13-36
90            <intent-filter>
90-->src/main/AndroidManifest.xml:72:13-74:29
91                <action android:name="android.intent.action.BOOT_COMPLETED" />
91-->src/main/AndroidManifest.xml:73:17-79
91-->src/main/AndroidManifest.xml:73:25-76
92            </intent-filter>
93        </receiver>
94
95        <service
95-->src/main/AndroidManifest.xml:77:9-87:19
96            android:name="com.example.deviceadmin.LockAccessibilityService"
96-->src/main/AndroidManifest.xml:78:13-53
97            android:exported="false"
97-->src/main/AndroidManifest.xml:79:13-37
98            android:permission="android.permission.BIND_ACCESSIBILITY_SERVICE" >
98-->src/main/AndroidManifest.xml:80:13-79
99            <intent-filter>
99-->src/main/AndroidManifest.xml:81:13-83:29
100                <action android:name="android.accessibilityservice.AccessibilityService" />
100-->src/main/AndroidManifest.xml:82:17-92
100-->src/main/AndroidManifest.xml:82:25-89
101            </intent-filter>
102
103            <meta-data
103-->src/main/AndroidManifest.xml:84:13-86:72
104                android:name="android.accessibilityservice"
104-->src/main/AndroidManifest.xml:85:17-60
105                android:resource="@xml/accessibility_service_config" />
105-->src/main/AndroidManifest.xml:86:17-69
106        </service>
107
108        <provider
108-->[androidx.work:work-runtime:2.8.1] AndroidManifest.xml:29:9-37:20
109            android:name="androidx.startup.InitializationProvider"
109-->[androidx.work:work-runtime:2.8.1] AndroidManifest.xml:30:13-67
110            android:authorities="com.example.deviceadmin.androidx-startup"
110-->[androidx.work:work-runtime:2.8.1] AndroidManifest.xml:31:13-68
111            android:exported="false" >
111-->[androidx.work:work-runtime:2.8.1] AndroidManifest.xml:32:13-37
112            <meta-data
112-->[androidx.work:work-runtime:2.8.1] AndroidManifest.xml:34:13-36:52
113                android:name="androidx.work.WorkManagerInitializer"
113-->[androidx.work:work-runtime:2.8.1] AndroidManifest.xml:35:17-68
114                android:value="androidx.startup" />
114-->[androidx.work:work-runtime:2.8.1] AndroidManifest.xml:36:17-49
115            <meta-data
115-->[androidx.emoji2:emoji2:1.2.0] AndroidManifest.xml:29:13-31:52
116                android:name="androidx.emoji2.text.EmojiCompatInitializer"
116-->[androidx.emoji2:emoji2:1.2.0] AndroidManifest.xml:30:17-75
117                android:value="androidx.startup" />
117-->[androidx.emoji2:emoji2:1.2.0] AndroidManifest.xml:31:17-49
118            <meta-data
118-->[androidx.lifecycle:lifecycle-process:2.4.1] AndroidManifest.xml:31:13-33:52
119                android:name="androidx.lifecycle.ProcessLifecycleInitializer"
119-->[androidx.lifecycle:lifecycle-process:2.4.1] AndroidManifest.xml:32:17-78
120                android:value="androidx.startup" />
120-->[androidx.lifecycle:lifecycle-process:2.4.1] AndroidManifest.xml:33:17-49
121        </provider>
122
123        <service
123-->[androidx.work:work-runtime:2.8.1] AndroidManifest.xml:39:9-45:35
124            android:name="androidx.work.impl.background.systemalarm.SystemAlarmService"
124-->[androidx.work:work-runtime:2.8.1] AndroidManifest.xml:40:13-88
125            android:directBootAware="false"
125-->[androidx.work:work-runtime:2.8.1] AndroidManifest.xml:41:13-44
126            android:enabled="@bool/enable_system_alarm_service_default"
126-->[androidx.work:work-runtime:2.8.1] AndroidManifest.xml:42:13-72
127            android:exported="false" />
127-->[androidx.work:work-runtime:2.8.1] AndroidManifest.xml:43:13-37
128        <service
128-->[androidx.work:work-runtime:2.8.1] AndroidManifest.xml:46:9-52:35
129            android:name="androidx.work.impl.background.systemjob.SystemJobService"
129-->[androidx.work:work-runtime:2.8.1] AndroidManifest.xml:47:13-84
130            android:directBootAware="false"
130-->[androidx.work:work-runtime:2.8.1] AndroidManifest.xml:48:13-44
131            android:enabled="@bool/enable_system_job_service_default"
131-->[androidx.work:work-runtime:2.8.1] AndroidManifest.xml:49:13-70
132            android:exported="true"
132-->[androidx.work:work-runtime:2.8.1] AndroidManifest.xml:50:13-36
133            android:permission="android.permission.BIND_JOB_SERVICE" />
133-->[androidx.work:work-runtime:2.8.1] AndroidManifest.xml:51:13-69
134        <service
134-->[androidx.work:work-runtime:2.8.1] AndroidManifest.xml:53:9-59:35
135            android:name="androidx.work.impl.foreground.SystemForegroundService"
135-->[androidx.work:work-runtime:2.8.1] AndroidManifest.xml:54:13-81
136            android:directBootAware="false"
136-->[androidx.work:work-runtime:2.8.1] AndroidManifest.xml:55:13-44
137            android:enabled="@bool/enable_system_foreground_service_default"
137-->[androidx.work:work-runtime:2.8.1] AndroidManifest.xml:56:13-77
138            android:exported="false" />
138-->[androidx.work:work-runtime:2.8.1] AndroidManifest.xml:57:13-37
139
140        <receiver
140-->[androidx.work:work-runtime:2.8.1] AndroidManifest.xml:61:9-66:35
141            android:name="androidx.work.impl.utils.ForceStopRunnable$BroadcastReceiver"
141-->[androidx.work:work-runtime:2.8.1] AndroidManifest.xml:62:13-88
142            android:directBootAware="false"
142-->[androidx.work:work-runtime:2.8.1] AndroidManifest.xml:63:13-44
143            android:enabled="true"
143-->[androidx.work:work-runtime:2.8.1] AndroidManifest.xml:64:13-35
144            android:exported="false" />
144-->[androidx.work:work-runtime:2.8.1] AndroidManifest.xml:65:13-37
145        <receiver
145-->[androidx.work:work-runtime:2.8.1] AndroidManifest.xml:67:9-77:20
146            android:name="androidx.work.impl.background.systemalarm.ConstraintProxy$BatteryChargingProxy"
146-->[androidx.work:work-runtime:2.8.1] AndroidManifest.xml:68:13-106
147            android:directBootAware="false"
147-->[androidx.work:work-runtime:2.8.1] AndroidManifest.xml:69:13-44
148            android:enabled="false"
148-->[androidx.work:work-runtime:2.8.1] AndroidManifest.xml:70:13-36
149            android:exported="false" >
149-->[androidx.work:work-runtime:2.8.1] AndroidManifest.xml:71:13-37
150            <intent-filter>
150-->[androidx.work:work-runtime:2.8.1] AndroidManifest.xml:73:13-76:29
151                <action android:name="android.intent.action.ACTION_POWER_CONNECTED" />
151-->[androidx.work:work-runtime:2.8.1] AndroidManifest.xml:74:17-87
151-->[androidx.work:work-runtime:2.8.1] AndroidManifest.xml:74:25-84
152                <action android:name="android.intent.action.ACTION_POWER_DISCONNECTED" />
152-->[androidx.work:work-runtime:2.8.1] AndroidManifest.xml:75:17-90
152-->[androidx.work:work-runtime:2.8.1] AndroidManifest.xml:75:25-87
153            </intent-filter>
154        </receiver>
155        <receiver
155-->[androidx.work:work-runtime:2.8.1] AndroidManifest.xml:78:9-88:20
156            android:name="androidx.work.impl.background.systemalarm.ConstraintProxy$BatteryNotLowProxy"
156-->[androidx.work:work-runtime:2.8.1] AndroidManifest.xml:79:13-104
157            android:directBootAware="false"
157-->[androidx.work:work-runtime:2.8.1] AndroidManifest.xml:80:13-44
158            android:enabled="false"
158-->[androidx.work:work-runtime:2.8.1] AndroidManifest.xml:81:13-36
159            android:exported="false" >
159-->[androidx.work:work-runtime:2.8.1] AndroidManifest.xml:82:13-37
160            <intent-filter>
160-->[androidx.work:work-runtime:2.8.1] AndroidManifest.xml:84:13-87:29
161                <action android:name="android.intent.action.BATTERY_OKAY" />
161-->[androidx.work:work-runtime:2.8.1] AndroidManifest.xml:85:17-77
161-->[androidx.work:work-runtime:2.8.1] AndroidManifest.xml:85:25-74
162                <action android:name="android.intent.action.BATTERY_LOW" />
162-->[androidx.work:work-runtime:2.8.1] AndroidManifest.xml:86:17-76
162-->[androidx.work:work-runtime:2.8.1] AndroidManifest.xml:86:25-73
163            </intent-filter>
164        </receiver>
165        <receiver
165-->[androidx.work:work-runtime:2.8.1] AndroidManifest.xml:89:9-99:20
166            android:name="androidx.work.impl.background.systemalarm.ConstraintProxy$StorageNotLowProxy"
166-->[androidx.work:work-runtime:2.8.1] AndroidManifest.xml:90:13-104
167            android:directBootAware="false"
167-->[androidx.work:work-runtime:2.8.1] AndroidManifest.xml:91:13-44
168            android:enabled="false"
168-->[androidx.work:work-runtime:2.8.1] AndroidManifest.xml:92:13-36
169            android:exported="false" >
169-->[androidx.work:work-runtime:2.8.1] AndroidManifest.xml:93:13-37
170            <intent-filter>
170-->[androidx.work:work-runtime:2.8.1] AndroidManifest.xml:95:13-98:29
171                <action android:name="android.intent.action.DEVICE_STORAGE_LOW" />
171-->[androidx.work:work-runtime:2.8.1] AndroidManifest.xml:96:17-83
171-->[androidx.work:work-runtime:2.8.1] AndroidManifest.xml:96:25-80
172                <action android:name="android.intent.action.DEVICE_STORAGE_OK" />
172-->[androidx.work:work-runtime:2.8.1] AndroidManifest.xml:97:17-82
172-->[androidx.work:work-runtime:2.8.1] AndroidManifest.xml:97:25-79
173            </intent-filter>
174        </receiver>
175        <receiver
175-->[androidx.work:work-runtime:2.8.1] AndroidManifest.xml:100:9-109:20
176            android:name="androidx.work.impl.background.systemalarm.ConstraintProxy$NetworkStateProxy"
176-->[androidx.work:work-runtime:2.8.1] AndroidManifest.xml:101:13-103
177            android:directBootAware="false"
177-->[androidx.work:work-runtime:2.8.1] AndroidManifest.xml:102:13-44
178            android:enabled="false"
178-->[androidx.work:work-runtime:2.8.1] AndroidManifest.xml:103:13-36
179            android:exported="false" >
179-->[androidx.work:work-runtime:2.8.1] AndroidManifest.xml:104:13-37
180            <intent-filter>
180-->[androidx.work:work-runtime:2.8.1] AndroidManifest.xml:106:13-108:29
181                <action android:name="android.net.conn.CONNECTIVITY_CHANGE" />
181-->[androidx.work:work-runtime:2.8.1] AndroidManifest.xml:107:17-79
181-->[androidx.work:work-runtime:2.8.1] AndroidManifest.xml:107:25-76
182            </intent-filter>
183        </receiver>
184        <receiver
184-->[androidx.work:work-runtime:2.8.1] AndroidManifest.xml:110:9-121:20
185            android:name="androidx.work.impl.background.systemalarm.RescheduleReceiver"
185-->[androidx.work:work-runtime:2.8.1] AndroidManifest.xml:111:13-88
186            android:directBootAware="false"
186-->[androidx.work:work-runtime:2.8.1] AndroidManifest.xml:112:13-44
187            android:enabled="false"
187-->[androidx.work:work-runtime:2.8.1] AndroidManifest.xml:113:13-36
188            android:exported="false" >
188-->[androidx.work:work-runtime:2.8.1] AndroidManifest.xml:114:13-37
189            <intent-filter>
189-->[androidx.work:work-runtime:2.8.1] AndroidManifest.xml:116:13-120:29
190                <action android:name="android.intent.action.BOOT_COMPLETED" />
190-->src/main/AndroidManifest.xml:73:17-79
190-->src/main/AndroidManifest.xml:73:25-76
191                <action android:name="android.intent.action.TIME_SET" />
191-->[androidx.work:work-runtime:2.8.1] AndroidManifest.xml:118:17-73
191-->[androidx.work:work-runtime:2.8.1] AndroidManifest.xml:118:25-70
192                <action android:name="android.intent.action.TIMEZONE_CHANGED" />
192-->[androidx.work:work-runtime:2.8.1] AndroidManifest.xml:119:17-81
192-->[androidx.work:work-runtime:2.8.1] AndroidManifest.xml:119:25-78
193            </intent-filter>
194        </receiver>
195        <receiver
195-->[androidx.work:work-runtime:2.8.1] AndroidManifest.xml:122:9-131:20
196            android:name="androidx.work.impl.background.systemalarm.ConstraintProxyUpdateReceiver"
196-->[androidx.work:work-runtime:2.8.1] AndroidManifest.xml:123:13-99
197            android:directBootAware="false"
197-->[androidx.work:work-runtime:2.8.1] AndroidManifest.xml:124:13-44
198            android:enabled="@bool/enable_system_alarm_service_default"
198-->[androidx.work:work-runtime:2.8.1] AndroidManifest.xml:125:13-72
199            android:exported="false" >
199-->[androidx.work:work-runtime:2.8.1] AndroidManifest.xml:126:13-37
200            <intent-filter>
200-->[androidx.work:work-runtime:2.8.1] AndroidManifest.xml:128:13-130:29
201                <action android:name="androidx.work.impl.background.systemalarm.UpdateProxies" />
201-->[androidx.work:work-runtime:2.8.1] AndroidManifest.xml:129:17-98
201-->[androidx.work:work-runtime:2.8.1] AndroidManifest.xml:129:25-95
202            </intent-filter>
203        </receiver>
204        <receiver
204-->[androidx.work:work-runtime:2.8.1] AndroidManifest.xml:132:9-142:20
205            android:name="androidx.work.impl.diagnostics.DiagnosticsReceiver"
205-->[androidx.work:work-runtime:2.8.1] AndroidManifest.xml:133:13-78
206            android:directBootAware="false"
206-->[androidx.work:work-runtime:2.8.1] AndroidManifest.xml:134:13-44
207            android:enabled="true"
207-->[androidx.work:work-runtime:2.8.1] AndroidManifest.xml:135:13-35
208            android:exported="true"
208-->[androidx.work:work-runtime:2.8.1] AndroidManifest.xml:136:13-36
209            android:permission="android.permission.DUMP" >
209-->[androidx.work:work-runtime:2.8.1] AndroidManifest.xml:137:13-57
210            <intent-filter>
210-->[androidx.work:work-runtime:2.8.1] AndroidManifest.xml:139:13-141:29
211                <action android:name="androidx.work.diagnostics.REQUEST_DIAGNOSTICS" />
211-->[androidx.work:work-runtime:2.8.1] AndroidManifest.xml:140:17-88
211-->[androidx.work:work-runtime:2.8.1] AndroidManifest.xml:140:25-85
212            </intent-filter>
213        </receiver>
214
215        <service
215-->[androidx.room:room-runtime:2.5.0] AndroidManifest.xml:24:9-28:63
216            android:name="androidx.room.MultiInstanceInvalidationService"
216-->[androidx.room:room-runtime:2.5.0] AndroidManifest.xml:25:13-74
217            android:directBootAware="true"
217-->[androidx.room:room-runtime:2.5.0] AndroidManifest.xml:26:13-43
218            android:exported="false" />
218-->[androidx.room:room-runtime:2.5.0] AndroidManifest.xml:27:13-37
219    </application>
220
221</manifest>